09-Mar-2021 16:07:00.619 정보 [main] org.apache.catalina.startup.VersionLoggerListener.log 서버 버전 이름:    Apache Tomcat/8.5.63
09-Mar-2021 16:07:00.623 정보 [main] org.apache.catalina.startup.VersionLoggerListener.log Server 빌드 시각:  Jan 29 2021 11:21:49 UTC
09-Mar-2021 16:07:00.623 정보 [main] org.apache.catalina.startup.VersionLoggerListener.log Server 버전 번호:  8.5.63.0
09-Mar-2021 16:07:00.623 정보 [main] org.apache.catalina.startup.VersionLoggerListener.log 운영체제 이름:     Windows 10
09-Mar-2021 16:07:00.623 정보 [main] org.apache.catalina.startup.VersionLoggerListener.log 운영체제 버전:     10.0
09-Mar-2021 16:07:00.624 정보 [main] org.apache.catalina.startup.VersionLoggerListener.log 아키텍처:          amd64
09-Mar-2021 16:07:00.624 정보 [main] org.apache.catalina.startup.VersionLoggerListener.log 자바 홈:           D:\B_Util\2.Java\JDK1.8\jre
09-Mar-2021 16:07:00.624 정보 [main] org.apache.catalina.startup.VersionLoggerListener.log JVM 버전:          1.8.0_121-b13
09-Mar-2021 16:07:00.624 정보 [main] org.apache.catalina.startup.VersionLoggerListener.log JVM 벤더:          Oracle Corporation
09-Mar-2021 16:07:00.624 정보 [main] org.apache.catalina.startup.VersionLoggerListener.log CATALINA_BASE:     D:\B_Util\5.ApacheTomcat\apache-tomcat-8.5.63
09-Mar-2021 16:07:00.624 정보 [main] org.apache.catalina.startup.VersionLoggerListener.log CATALINA_HOME:     D:\B_Util\5.ApacheTomcat\apache-tomcat-8.5.63
09-Mar-2021 16:07:00.625 정보 [main] org.apache.catalina.startup.VersionLoggerListener.log 명령 행 아규먼트:  -Djava.util.logging.config.file=D:\B_Util\5.ApacheTomcat\apache-tomcat-8.5.63\conf\logging.properties
09-Mar-2021 16:07:00.625 정보 [main] org.apache.catalina.startup.VersionLoggerListener.log 명령 행 아규먼트:  -Djava.util.logging.manager=org.apache.juli.ClassLoaderLogManager
09-Mar-2021 16:07:00.626 정보 [main] org.apache.catalina.startup.VersionLoggerListener.log 명령 행 아규먼트:  -Djdk.tls.ephemeralDHKeySize=2048
09-Mar-2021 16:07:00.626 정보 [main] org.apache.catalina.startup.VersionLoggerListener.log 명령 행 아규먼트:  -Djava.protocol.handler.pkgs=org.apache.catalina.webresources
09-Mar-2021 16:07:00.627 정보 [main] org.apache.catalina.startup.VersionLoggerListener.log 명령 행 아규먼트:  -Dignore.endorsed.dirs=
09-Mar-2021 16:07:00.628 정보 [main] org.apache.catalina.startup.VersionLoggerListener.log 명령 행 아규먼트:  -Dcatalina.base=D:\B_Util\5.ApacheTomcat\apache-tomcat-8.5.63
09-Mar-2021 16:07:00.628 정보 [main] org.apache.catalina.startup.VersionLoggerListener.log 명령 행 아규먼트:  -Dcatalina.home=D:\B_Util\5.ApacheTomcat\apache-tomcat-8.5.63
09-Mar-2021 16:07:00.629 정보 [main] org.apache.catalina.startup.VersionLoggerListener.log 명령 행 아규먼트:  -Djava.io.tmpdir=D:\B_Util\5.ApacheTomcat\apache-tomcat-8.5.63\temp
09-Mar-2021 16:07:00.629 정보 [main] org.apache.catalina.core.AprLifecycleListener.lifecycleEvent 프로덕션 환경들에서 최적의 성능을 제공하는, APR 기반 Apache Tomcat Native 라이브러리가, 다음 java.library.path에서 발견되지 않습니다: [D:\B_Util\2.Java\JDK1.8\bin;C:\WINDOWS\Sun\Java\bin;C:\WINDOWS\system32;C:\WINDOWS;D:\B_Util\4.Oracle\appClient;D:\B_Util\4.Oracle\app\oracle\product\11.2.0\server\bin;C:\WINDOWS\system32;C:\WINDOWS;C:\WINDOWS\System32\Wbem;C:\WINDOWS\System32\WindowsPowerShell\v1.0\;C:\WINDOWS\System32\OpenSSH\;D:\B_Util\2.Java\JDK1.8\bin;C:\Program Files (x86)\Brackets\command;D:\C_Lib\maven\apache-maven-3.6.3\bin;C:\Program Files\TortoiseSVN\bin;D:\D_Other\Git\cmd;D:\anaconda3;D:\anaconda3\Library\mingw-w64\bin;D:\anaconda3\Library\usr\bin;D:\anaconda3\Library\bin;D:\anaconda3\Scripts;C:\Users\PC-11\AppData\Local\Programs\Python\Python39\Scripts\;C:\Users\PC-11\AppData\Local\Programs\Python\Python39\;C:\Users\PC-11\AppData\Local\Microsoft\WindowsApps;C:\Program Files\Bandizip\;D:\D_Other\PyCharm Community Edition 2020.2.3\bin;C:\Users\PC-11\AppData\Local\GitHubDesktop\bin;D:\D_Other\Microsoft VS Code\bin;C:\Users\PC-11\AppData\Local\atom\bin;.]
09-Mar-2021 16:07:00.745 정보 [main] org.apache.coyote.AbstractProtocol.init 프로토콜 핸들러 ["http-nio-8080"]을(를) 초기화합니다.
09-Mar-2021 16:07:00.753 심각 [main] org.apache.catalina.core.StandardService.initInternal Failed to initialize connector [Connector[HTTP/1.1-8080]]
	org.apache.catalina.LifecycleException: 프로토콜 핸들러 초기화가 실패했습니다.
		at org.apache.catalina.connector.Connector.initInternal(Connector.java:1077)
		at org.apache.catalina.util.LifecycleBase.init(LifecycleBase.java:136)
		at org.apache.catalina.core.StandardService.initInternal(StandardService.java:552)
		at org.apache.catalina.util.LifecycleBase.init(LifecycleBase.java:136)
		at org.apache.catalina.core.StandardServer.initInternal(StandardServer.java:846)
		at org.apache.catalina.util.LifecycleBase.init(LifecycleBase.java:136)
		at org.apache.catalina.startup.Catalina.load(Catalina.java:639)
		at org.apache.catalina.startup.Catalina.load(Catalina.java:662)
		at sun.reflect.NativeMethodAccessorImpl.invoke0(Native Method)
		at sun.reflect.NativeMethodAccessorImpl.invoke(NativeMethodAccessorImpl.java:62)
		at sun.reflect.DelegatingMethodAccessorImpl.invoke(DelegatingMethodAccessorImpl.java:43)
		at java.lang.reflect.Method.invoke(Method.java:498)
		at org.apache.catalina.startup.Bootstrap.load(Bootstrap.java:302)
		at org.apache.catalina.startup.Bootstrap.main(Bootstrap.java:472)
	Caused by: java.net.BindException: Address already in use: bind
		at sun.nio.ch.Net.bind0(Native Method)
		at sun.nio.ch.Net.bind(Net.java:433)
		at sun.nio.ch.Net.bind(Net.java:425)
		at sun.nio.ch.ServerSocketChannelImpl.bind(ServerSocketChannelImpl.java:223)
		at sun.nio.ch.ServerSocketAdaptor.bind(ServerSocketAdaptor.java:74)
		at org.apache.tomcat.util.net.NioEndpoint.bind(NioEndpoint.java:222)
		at org.apache.tomcat.util.net.AbstractEndpoint.init(AbstractEndpoint.java:1143)
		at org.apache.tomcat.util.net.AbstractJsseEndpoint.init(AbstractJsseEndpoint.java:222)
		at org.apache.coyote.AbstractProtocol.init(AbstractProtocol.java:599)
		at org.apache.coyote.http11.AbstractHttp11Protocol.init(AbstractHttp11Protocol.java:80)
		at org.apache.catalina.connector.Connector.initInternal(Connector.java:1075)
		... 13 more
09-Mar-2021 16:07:00.755 정보 [main] org.apache.catalina.startup.Catalina.load Initialization processed in 402 ms
09-Mar-2021 16:07:00.783 정보 [main] org.apache.catalina.core.StandardService.startInternal 서비스 [Catalina]을(를) 시작합니다.
09-Mar-2021 16:07:00.784 정보 [main] org.apache.catalina.core.StandardEngine.startInternal Starting Servlet Engine: Apache Tomcat/8.5.63
09-Mar-2021 16:07:00.789 정보 [localhost-startStop-1] org.apache.catalina.startup.HostConfig.deployDirectory 웹 애플리케이션 디렉토리 [D:\B_Util\5.ApacheTomcat\apache-tomcat-8.5.63\webapps\docs]을(를) 배치합니다.
09-Mar-2021 16:07:01.021 경고 [localhost-startStop-1] org.apache.catalina.util.SessionIdGeneratorBase.createSecureRandom [SHA1PRNG] 알고리즘을 사용하여, 세션 ID를 생성하기 위한 SecureRandom 객체를 생성하는데, [126] 밀리초가 소요됐습니다.
09-Mar-2021 16:07:01.036 정보 [localhost-startStop-1] org.apache.catalina.startup.HostConfig.deployDirectory 웹 애플리케이션 디렉토리 [D:\B_Util\5.ApacheTomcat\apache-tomcat-8.5.63\webapps\docs]에 대한 배치가 [247] 밀리초에 완료되었습니다.
09-Mar-2021 16:07:01.037 정보 [localhost-startStop-1] org.apache.catalina.startup.HostConfig.deployDirectory 웹 애플리케이션 디렉토리 [D:\B_Util\5.ApacheTomcat\apache-tomcat-8.5.63\webapps\examples]을(를) 배치합니다.
09-Mar-2021 16:07:01.185 정보 [localhost-startStop-1] org.apache.catalina.startup.HostConfig.deployDirectory 웹 애플리케이션 디렉토리 [D:\B_Util\5.ApacheTomcat\apache-tomcat-8.5.63\webapps\examples]에 대한 배치가 [148] 밀리초에 완료되었습니다.
09-Mar-2021 16:07:01.186 정보 [localhost-startStop-1] org.apache.catalina.startup.HostConfig.deployDirectory 웹 애플리케이션 디렉토리 [D:\B_Util\5.ApacheTomcat\apache-tomcat-8.5.63\webapps\host-manager]을(를) 배치합니다.
09-Mar-2021 16:07:01.200 정보 [localhost-startStop-1] org.apache.catalina.startup.HostConfig.deployDirectory 웹 애플리케이션 디렉토리 [D:\B_Util\5.ApacheTomcat\apache-tomcat-8.5.63\webapps\host-manager]에 대한 배치가 [14] 밀리초에 완료되었습니다.
09-Mar-2021 16:07:01.201 정보 [localhost-startStop-1] org.apache.catalina.startup.HostConfig.deployDirectory 웹 애플리케이션 디렉토리 [D:\B_Util\5.ApacheTomcat\apache-tomcat-8.5.63\webapps\manager]을(를) 배치합니다.
09-Mar-2021 16:07:01.212 정보 [localhost-startStop-1] org.apache.catalina.startup.HostConfig.deployDirectory 웹 애플리케이션 디렉토리 [D:\B_Util\5.ApacheTomcat\apache-tomcat-8.5.63\webapps\manager]에 대한 배치가 [11] 밀리초에 완료되었습니다.
09-Mar-2021 16:07:01.214 정보 [localhost-startStop-1] org.apache.catalina.startup.HostConfig.deployDirectory 웹 애플리케이션 디렉토리 [D:\B_Util\5.ApacheTomcat\apache-tomcat-8.5.63\webapps\ROOT]을(를) 배치합니다.
09-Mar-2021 16:07:01.223 정보 [localhost-startStop-1] org.apache.catalina.startup.HostConfig.deployDirectory 웹 애플리케이션 디렉토리 [D:\B_Util\5.ApacheTomcat\apache-tomcat-8.5.63\webapps\ROOT]에 대한 배치가 [8] 밀리초에 완료되었습니다.
09-Mar-2021 16:07:01.225 정보 [main] org.apache.catalina.startup.Catalina.start Server startup in 467 ms
09-Mar-2021 16:10:52.806 정보 [main] org.apache.catalina.core.StandardServer.await 셧다운 포트를 통해 유효한 셧다운 명령을 받았습니다. 서버 인스턴스를 중지시킵니다.
09-Mar-2021 16:10:52.808 정보 [main] org.apache.coyote.AbstractProtocol.pause 프로토콜 핸들러 ["http-nio-8080"]을(를) 일시 정지 중
09-Mar-2021 16:10:52.808 정보 [main] org.apache.catalina.core.StandardService.stopInternal 서비스 [Catalina]을(를) 중지시킵니다.
09-Mar-2021 16:10:52.819 정보 [main] org.apache.coyote.AbstractProtocol.stop 프로토콜 핸들러 ["http-nio-8080"]을(를) 중지시킵니다.
09-Mar-2021 16:10:52.820 정보 [main] org.apache.coyote.AbstractProtocol.destroy 프로토콜 핸들러 ["http-nio-8080"]을(를) 소멸시킵니다.
09-Mar-2021 16:27:30.387 정보 [main] org.apache.catalina.startup.VersionLoggerListener.log 서버 버전 이름:    Apache Tomcat/8.5.63
09-Mar-2021 16:27:30.390 정보 [main] org.apache.catalina.startup.VersionLoggerListener.log Server 빌드 시각:  Jan 29 2021 11:21:49 UTC
09-Mar-2021 16:27:30.390 정보 [main] org.apache.catalina.startup.VersionLoggerListener.log Server 버전 번호:  8.5.63.0
09-Mar-2021 16:27:30.390 정보 [main] org.apache.catalina.startup.VersionLoggerListener.log 운영체제 이름:     Windows 10
09-Mar-2021 16:27:30.390 정보 [main] org.apache.catalina.startup.VersionLoggerListener.log 운영체제 버전:     10.0
09-Mar-2021 16:27:30.391 정보 [main] org.apache.catalina.startup.VersionLoggerListener.log 아키텍처:          amd64
09-Mar-2021 16:27:30.391 정보 [main] org.apache.catalina.startup.VersionLoggerListener.log 자바 홈:           D:\B_Util\2.Java\JDK1.8\jre
09-Mar-2021 16:27:30.391 정보 [main] org.apache.catalina.startup.VersionLoggerListener.log JVM 버전:          1.8.0_121-b13
09-Mar-2021 16:27:30.391 정보 [main] org.apache.catalina.startup.VersionLoggerListener.log JVM 벤더:          Oracle Corporation
09-Mar-2021 16:27:30.391 정보 [main] org.apache.catalina.startup.VersionLoggerListener.log CATALINA_BASE:     D:\B_Util\5.ApacheTomcat\apache-tomcat-8.5.63
09-Mar-2021 16:27:30.391 정보 [main] org.apache.catalina.startup.VersionLoggerListener.log CATALINA_HOME:     D:\B_Util\5.ApacheTomcat\apache-tomcat-8.5.63
09-Mar-2021 16:27:30.392 정보 [main] org.apache.catalina.startup.VersionLoggerListener.log 명령 행 아규먼트:  -Djava.util.logging.config.file=D:\B_Util\5.ApacheTomcat\apache-tomcat-8.5.63\conf\logging.properties
09-Mar-2021 16:27:30.392 정보 [main] org.apache.catalina.startup.VersionLoggerListener.log 명령 행 아규먼트:  -Djava.util.logging.manager=org.apache.juli.ClassLoaderLogManager
09-Mar-2021 16:27:30.393 정보 [main] org.apache.catalina.startup.VersionLoggerListener.log 명령 행 아규먼트:  -Djdk.tls.ephemeralDHKeySize=2048
09-Mar-2021 16:27:30.394 정보 [main] org.apache.catalina.startup.VersionLoggerListener.log 명령 행 아규먼트:  -Djava.protocol.handler.pkgs=org.apache.catalina.webresources
09-Mar-2021 16:27:30.394 정보 [main] org.apache.catalina.startup.VersionLoggerListener.log 명령 행 아규먼트:  -Dignore.endorsed.dirs=
09-Mar-2021 16:27:30.395 정보 [main] org.apache.catalina.startup.VersionLoggerListener.log 명령 행 아규먼트:  -Dcatalina.base=D:\B_Util\5.ApacheTomcat\apache-tomcat-8.5.63
09-Mar-2021 16:27:30.396 정보 [main] org.apache.catalina.startup.VersionLoggerListener.log 명령 행 아규먼트:  -Dcatalina.home=D:\B_Util\5.ApacheTomcat\apache-tomcat-8.5.63
09-Mar-2021 16:27:30.396 정보 [main] org.apache.catalina.startup.VersionLoggerListener.log 명령 행 아규먼트:  -Djava.io.tmpdir=D:\B_Util\5.ApacheTomcat\apache-tomcat-8.5.63\temp
09-Mar-2021 16:27:30.397 정보 [main] org.apache.catalina.core.AprLifecycleListener.lifecycleEvent 프로덕션 환경들에서 최적의 성능을 제공하는, APR 기반 Apache Tomcat Native 라이브러리가, 다음 java.library.path에서 발견되지 않습니다: [D:\B_Util\2.Java\JDK1.8\bin;C:\WINDOWS\Sun\Java\bin;C:\WINDOWS\system32;C:\WINDOWS;D:\B_Util\4.Oracle\appClient;D:\B_Util\4.Oracle\app\oracle\product\11.2.0\server\bin;C:\WINDOWS\system32;C:\WINDOWS;C:\WINDOWS\System32\Wbem;C:\WINDOWS\System32\WindowsPowerShell\v1.0\;C:\WINDOWS\System32\OpenSSH\;D:\B_Util\2.Java\JDK1.8\bin;C:\Program Files (x86)\Brackets\command;D:\C_Lib\maven\apache-maven-3.6.3\bin;C:\Program Files\TortoiseSVN\bin;D:\D_Other\Git\cmd;D:\anaconda3;D:\anaconda3\Library\mingw-w64\bin;D:\anaconda3\Library\usr\bin;D:\anaconda3\Library\bin;D:\anaconda3\Scripts;C:\Users\PC-11\AppData\Local\Programs\Python\Python39\Scripts\;C:\Users\PC-11\AppData\Local\Programs\Python\Python39\;C:\Users\PC-11\AppData\Local\Microsoft\WindowsApps;C:\Program Files\Bandizip\;D:\D_Other\PyCharm Community Edition 2020.2.3\bin;C:\Users\PC-11\AppData\Local\GitHubDesktop\bin;D:\D_Other\Microsoft VS Code\bin;C:\Users\PC-11\AppData\Local\atom\bin;.]
09-Mar-2021 16:27:30.457 정보 [main] org.apache.coyote.AbstractProtocol.init 프로토콜 핸들러 ["http-nio-80"]을(를) 초기화합니다.
09-Mar-2021 16:27:30.626 정보 [main] org.apache.tomcat.util.net.NioSelectorPool.getSharedSelector Using a shared selector for servlet write/read
09-Mar-2021 16:27:30.633 정보 [main] org.apache.catalina.startup.Catalina.load Initialization processed in 446 ms
09-Mar-2021 16:27:30.646 정보 [main] org.apache.catalina.core.StandardService.startInternal 서비스 [Catalina]을(를) 시작합니다.
09-Mar-2021 16:27:30.647 정보 [main] org.apache.catalina.core.StandardEngine.startInternal Starting Servlet Engine: Apache Tomcat/8.5.63
09-Mar-2021 16:27:30.652 정보 [localhost-startStop-1] org.apache.catalina.startup.HostConfig.deployDirectory 웹 애플리케이션 디렉토리 [D:\B_Util\5.ApacheTomcat\apache-tomcat-8.5.63\webapps\docs]을(를) 배치합니다.
09-Mar-2021 16:27:30.770 정보 [localhost-startStop-1] org.apache.catalina.startup.HostConfig.deployDirectory 웹 애플리케이션 디렉토리 [D:\B_Util\5.ApacheTomcat\apache-tomcat-8.5.63\webapps\docs]에 대한 배치가 [117] 밀리초에 완료되었습니다.
09-Mar-2021 16:27:30.772 정보 [localhost-startStop-1] org.apache.catalina.startup.HostConfig.deployDirectory 웹 애플리케이션 디렉토리 [D:\B_Util\5.ApacheTomcat\apache-tomcat-8.5.63\webapps\examples]을(를) 배치합니다.
09-Mar-2021 16:27:30.925 정보 [localhost-startStop-1] org.apache.catalina.startup.HostConfig.deployDirectory 웹 애플리케이션 디렉토리 [D:\B_Util\5.ApacheTomcat\apache-tomcat-8.5.63\webapps\examples]에 대한 배치가 [153] 밀리초에 완료되었습니다.
09-Mar-2021 16:27:30.926 정보 [localhost-startStop-1] org.apache.catalina.startup.HostConfig.deployDirectory 웹 애플리케이션 디렉토리 [D:\B_Util\5.ApacheTomcat\apache-tomcat-8.5.63\webapps\host-manager]을(를) 배치합니다.
09-Mar-2021 16:27:30.939 정보 [localhost-startStop-1] org.apache.catalina.startup.HostConfig.deployDirectory 웹 애플리케이션 디렉토리 [D:\B_Util\5.ApacheTomcat\apache-tomcat-8.5.63\webapps\host-manager]에 대한 배치가 [13] 밀리초에 완료되었습니다.
09-Mar-2021 16:27:30.941 정보 [localhost-startStop-1] org.apache.catalina.startup.HostConfig.deployDirectory 웹 애플리케이션 디렉토리 [D:\B_Util\5.ApacheTomcat\apache-tomcat-8.5.63\webapps\manager]을(를) 배치합니다.
09-Mar-2021 16:27:30.952 정보 [localhost-startStop-1] org.apache.catalina.startup.HostConfig.deployDirectory 웹 애플리케이션 디렉토리 [D:\B_Util\5.ApacheTomcat\apache-tomcat-8.5.63\webapps\manager]에 대한 배치가 [12] 밀리초에 완료되었습니다.
09-Mar-2021 16:27:30.953 정보 [localhost-startStop-1] org.apache.catalina.startup.HostConfig.deployDirectory 웹 애플리케이션 디렉토리 [D:\B_Util\5.ApacheTomcat\apache-tomcat-8.5.63\webapps\ROOT]을(를) 배치합니다.
09-Mar-2021 16:27:30.962 정보 [localhost-startStop-1] org.apache.catalina.startup.HostConfig.deployDirectory 웹 애플리케이션 디렉토리 [D:\B_Util\5.ApacheTomcat\apache-tomcat-8.5.63\webapps\ROOT]에 대한 배치가 [9] 밀리초에 완료되었습니다.
09-Mar-2021 16:27:30.965 정보 [main] org.apache.coyote.AbstractProtocol.start 프로토콜 핸들러 ["http-nio-80"]을(를) 시작합니다.
09-Mar-2021 16:27:30.970 정보 [main] org.apache.catalina.startup.Catalina.start Server startup in 336 ms
09-Mar-2021 17:10:21.323 정보 [localhost-startStop-2] org.apache.catalina.startup.HostConfig.deployDirectory 웹 애플리케이션 디렉토리 [D:\B_Util\5.ApacheTomcat\apache-tomcat-8.5.63\webapps\first]을(를) 배치합니다.
09-Mar-2021 17:10:21.335 정보 [localhost-startStop-2] org.apache.catalina.startup.HostConfig.deployDirectory 웹 애플리케이션 디렉토리 [D:\B_Util\5.ApacheTomcat\apache-tomcat-8.5.63\webapps\first]에 대한 배치가 [12] 밀리초에 완료되었습니다.
09-Mar-2021 18:22:47.082 정보 [Thread-4] org.apache.coyote.AbstractProtocol.pause 프로토콜 핸들러 ["http-nio-80"]을(를) 일시 정지 중
09-Mar-2021 18:22:47.199 정보 [Thread-4] org.apache.catalina.core.StandardService.stopInternal 서비스 [Catalina]을(를) 중지시킵니다.
09-Mar-2021 18:22:47.211 정보 [Thread-4] org.apache.coyote.AbstractProtocol.stop 프로토콜 핸들러 ["http-nio-80"]을(를) 중지시킵니다.
09-Mar-2021 18:22:47.216 정보 [Thread-4] org.apache.coyote.AbstractProtocol.destroy 프로토콜 핸들러 ["http-nio-80"]을(를) 소멸시킵니다.
